
> mech-engineer-lk@0.1.0 dev
> next dev

▲ Next.js 16.1.1 (Turbopack)
- Local:         http://localhost:3000
- Network:       http://192.168.0.2:3000

✓ Starting...
✓ Ready in 1196ms
 GET /blog 200 in 1064ms (compile: 468ms, render: 596ms)
 GET /blog 200 in 123ms (compile: 6ms, render: 117ms)
 GET /blog 200 in 89ms (compile: 4ms, render: 86ms)
⨯ ./components/blog/blog-client-page.tsx:5:1
Module not found: Can't resolve '@/components/blog/blog-toolbar'
[0m [90m 3 |[39m [36mimport[39m { useState[33m,[39m useMemo } [36mfrom[39m [32m'react'[39m[33m;[39m
 [90m 4 |[39m [36mimport[39m [33mLink[39m [36mfrom[39m [32m'next/link'[39m[33m;[39m
[31m[1m>[22m[39m[90m 5 |[39m [36mimport[39m [33mBlogToolbar[39m [36mfrom[39m [32m'@/components/blog/blog-toolbar'[39m[33m;[39m
 [90m   |[39m [31m[1m^[22m[39m[31m[1m^[22m[39m[31m[1m^[22m[39m[31m[1m^[22m[39m[31m[1m^[22m[39m[31m[1m^[22m[39m[31m[1m^[22m[39m[31m[1m^[22m[39m[31m[1m^[22m[39m[31m[1m^[22m[39m[31m[1m^[22m[39m[31m[1m^[22m[39m[31m[1m^[22m[39m[31m[1m^[22m[39m[31m[1m^[22m[39m[31m[1m^[22m[39m[31m[1m^[22m[39m[31m[1m^[22m[39m[31m[1m^[22m[39m[31m[1m^[22m[39m[31m[1m^[22m[39m[31m[1m^[22m[39m[31m[1m^[22m[39m[31m[1m^[22m[39m[31m[1m^[22m[39m[31m[1m^[22m[39m[31m[1m^[22m[39m[31m[1m^[22m[39m[31m[1m^[22m[39m[31m[1m^[22m[39m[31m[1m^[22m[39m[31m[1m^[22m[39m[31m[1m^[22m[39m[31m[1m^[22m[39m[31m[1m^[22m[39m[31m[1m^[22m[39m[31m[1m^[22m[39m[31m[1m^[22m[39m[31m[1m^[22m[39m[31m[1m^[22m[39m[31m[1m^[22m[39m[31m[1m^[22m[39m[31m[1m^[22m[39m[31m[1m^[22m[39m[31m[1m^[22m[39m[31m[1m^[22m[39m[31m[1m^[22m[39m[31m[1m^[22m[39m[31m[1m^[22m[39m[31m[1m^[22m[39m[31m[1m^[22m[39m[31m[1m^[22m[39m[31m[1m^[22m[39m[31m[1m^[22m[39m[31m[1m^[22m[39m[31m[1m^[22m[39m[31m[1m^[22m[39m
 [90m 6 |[39m [36mimport[39m { [33mPagination[39m[33m,[39m [33mPaginationContent[39m[33m,[39m [33mPaginationItem[39m[33m,[39m [33mPaginationPrevious[39m[33m,[39m [33mPaginationLink[39m[33m,[39m [33mPaginationNext[39m } [36mfrom[39m [32m'@/components/ui/pagination'[39m[33m;[39m
 [90m 7 |[39m [36mimport[39m { [33mCard[39m[33m,[39m [33mCardContent[39m } [36mfrom[39m [32m'@/components/ui/card'[39m[33m;[39m
 [90m 8 |[39m [36mimport[39m { [33mPost[39m } [36mfrom[39m [32m'@/lib/posts'[39m[33m;[39m [90m// Assuming Post type is exported from lib/posts[39m[0m

Import map: aliased to relative './components/blog/blog-toolbar' inside of [project]/


Import trace:
  Server Component:
    ./components/blog/blog-client-page.tsx
    ./app/blog/page.tsx

https://nextjs.org/docs/messages/module-not-found


⨯ ./components/blog/blog-client-page.tsx:5:1
Module not found: Can't resolve '@/components/blog/blog-toolbar'
[0m [90m 3 |[39m [36mimport[39m { useState[33m,[39m useMemo } [36mfrom[39m [32m'react'[39m[33m;[39m
 [90m 4 |[39m [36mimport[39m [33mLink[39m [36mfrom[39m [32m'next/link'[39m[33m;[39m
[31m[1m>[22m[39m[90m 5 |[39m [36mimport[39m [33mBlogToolbar[39m [36mfrom[39m [32m'@/components/blog/blog-toolbar'[39m[33m;[39m
 [90m   |[39m [31m[1m^[22m[39m[31m[1m^[22m[39m[31m[1m^[22m[39m[31m[1m^[22m[39m[31m[1m^[22m[39m[31m[1m^[22m[39m[31m[1m^[22m[39m[31m[1m^[22m[39m[31m[1m^[22m[39m[31m[1m^[22m[39m[31m[1m^[22m[39m[31m[1m^[22m[39m[31m[1m^[22m[39m[31m[1m^[22m[39m[31m[1m^[22m[39m[31m[1m^[22m[39m[31m[1m^[22m[39m[31m[1m^[22m[39m[31m[1m^[22m[39m[31m[1m^[22m[39m[31m[1m^[22m[39m[31m[1m^[22m[39m[31m[1m^[22m[39m[31m[1m^[22m[39m[31m[1m^[22m[39m[31m[1m^[22m[39m[31m[1m^[22m[39m[31m[1m^[22m[39m[31m[1m^[22m[39m[31m[1m^[22m[39m[31m[1m^[22m[39m[31m[1m^[22m[39m[31m[1m^[22m[39m[31m[1m^[22m[39m[31m[1m^[22m[39m[31m[1m^[22m[39m[31m[1m^[22m[39m[31m[1m^[22m[39m[31m[1m^[22m[39m[31m[1m^[22m[39m[31m[1m^[22m[39m[31m[1m^[22m[39m[31m[1m^[22m[39m[31m[1m^[22m[39m[31m[1m^[22m[39m[31m[1m^[22m[39m[31m[1m^[22m[39m[31m[1m^[22m[39m[31m[1m^[22m[39m[31m[1m^[22m[39m[31m[1m^[22m[39m[31m[1m^[22m[39m[31m[1m^[22m[39m[31m[1m^[22m[39m[31m[1m^[22m[39m[31m[1m^[22m[39m[31m[1m^[22m[39m
 [90m 6 |[39m [36mimport[39m { [33mPagination[39m[33m,[39m [33mPaginationContent[39m[33m,[39m [33mPaginationItem[39m[33m,[39m [33mPaginationPrevious[39m[33m,[39m [33mPaginationLink[39m[33m,[39m [33mPaginationNext[39m } [36mfrom[39m [32m'@/components/ui/pagination'[39m[33m;[39m
 [90m 7 |[39m [36mimport[39m { [33mCard[39m[33m,[39m [33mCardContent[39m } [36mfrom[39m [32m'@/components/ui/card'[39m[33m;[39m
 [90m 8 |[39m [36mimport[39m { [33mPost[39m } [36mfrom[39m [32m'@/lib/posts'[39m[33m;[39m [90m// Assuming Post type is exported from lib/posts[39m[0m

Import map: aliased to relative './components/blog/blog-toolbar' inside of [project]/


Import trace:
  Server Component:
    ./components/blog/blog-client-page.tsx
    ./app/blog/page.tsx

https://nextjs.org/docs/messages/module-not-found


⨯ ./components/blog/blog-client-page.tsx:5:1
Module not found: Can't resolve '@/components/blog/blog-toolbar'
[0m [90m 3 |[39m [36mimport[39m { useState[33m,[39m useMemo } [36mfrom[39m [32m'react'[39m[33m;[39m
 [90m 4 |[39m [36mimport[39m [33mLink[39m [36mfrom[39m [32m'next/link'[39m[33m;[39m
[31m[1m>[22m[39m[90m 5 |[39m [36mimport[39m [33mBlogToolbar[39m [36mfrom[39m [32m'@/components/blog/blog-toolbar'[39m[33m;[39m
 [90m   |[39m [31m[1m^[22m[39m[31m[1m^[22m[39m[31m[1m^[22m[39m[31m[1m^[22m[39m[31m[1m^[22m[39m[31m[1m^[22m[39m[31m[1m^[22m[39m[31m[1m^[22m[39m[31m[1m^[22m[39m[31m[1m^[22m[39m[31m[1m^[22m[39m[31m[1m^[22m[39m[31m[1m^[22m[39m[31m[1m^[22m[39m[31m[1m^[22m[39m[31m[1m^[22m[39m[31m[1m^[22m[39m[31m[1m^[22m[39m[31m[1m^[22m[39m[31m[1m^[22m[39m[31m[1m^[22m[39m[31m[1m^[22m[39m[31m[1m^[22m[39m[31m[1m^[22m[39m[31m[1m^[22m[39m[31m[1m^[22m[39m[31m[1m^[22m[39m[31m[1m^[22m[39m[31m[1m^[22m[39m[31m[1m^[22m[39m[31m[1m^[22m[39m[31m[1m^[22m[39m[31m[1m^[22m[39m[31m[1m^[22m[39m[31m[1m^[22m[39m[31m[1m^[22m[39m[31m[1m^[22m[39m[31m[1m^[22m[39m[31m[1m^[22m[39m[31m[1m^[22m[39m[31m[1m^[22m[39m[31m[1m^[22m[39m[31m[1m^[22m[39m[31m[1m^[22m[39m[31m[1m^[22m[39m[31m[1m^[22m[39m[31m[1m^[22m[39m[31m[1m^[22m[39m[31m[1m^[22m[39m[31m[1m^[22m[39m[31m[1m^[22m[39m[31m[1m^[22m[39m[31m[1m^[22m[39m[31m[1m^[22m[39m[31m[1m^[22m[39m[31m[1m^[22m[39m[31m[1m^[22m[39m
 [90m 6 |[39m [36mimport[39m { [33mPagination[39m[33m,[39m [33mPaginationContent[39m[33m,[39m [33mPaginationItem[39m[33m,[39m [33mPaginationPrevious[39m[33m,[39m [33mPaginationLink[39m[33m,[39m [33mPaginationNext[39m } [36mfrom[39m [32m'@/components/ui/pagination'[39m[33m;[39m
 [90m 7 |[39m [36mimport[39m { [33mCard[39m[33m,[39m [33mCardContent[39m } [36mfrom[39m [32m'@/components/ui/card'[39m[33m;[39m
 [90m 8 |[39m [36mimport[39m { [33mPost[39m } [36mfrom[39m [32m'@/lib/posts'[39m[33m;[39m [90m// Assuming Post type is exported from lib/posts[39m[0m

Import map: aliased to relative './components/blog/blog-toolbar' inside of [project]/


Import trace:
  Server Component:
    ./components/blog/blog-client-page.tsx
    ./app/blog/page.tsx

https://nextjs.org/docs/messages/module-not-found


⨯ ./components/blog/blog-client-page.tsx:5:1
Module not found: Can't resolve '@/components/blog/blog-toolbar'
[0m [90m 3 |[39m [36mimport[39m { useState[33m,[39m useMemo } [36mfrom[39m [32m'react'[39m[33m;[39m
 [90m 4 |[39m [36mimport[39m [33mLink[39m [36mfrom[39m [32m'next/link'[39m[33m;[39m
[31m[1m>[22m[39m[90m 5 |[39m [36mimport[39m [33mBlogToolbar[39m [36mfrom[39m [32m'@/components/blog/blog-toolbar'[39m[33m;[39m
 [90m   |[39m [31m[1m^[22m[39m[31m[1m^[22m[39m[31m[1m^[22m[39m[31m[1m^[22m[39m[31m[1m^[22m[39m[31m[1m^[22m[39m[31m[1m^[22m[39m[31m[1m^[22m[39m[31m[1m^[22m[39m[31m[1m^[22m[39m[31m[1m^[22m[39m[31m[1m^[22m[39m[31m[1m^[22m[39m[31m[1m^[22m[39m[31m[1m^[22m[39m[31m[1m^[22m[39m[31m[1m^[22m[39m[31m[1m^[22m[39m[31m[1m^[22m[39m[31m[1m^[22m[39m[31m[1m^[22m[39m[31m[1m^[22m[39m[31m[1m^[22m[39m[31m[1m^[22m[39m[31m[1m^[22m[39m[31m[1m^[22m[39m[31m[1m^[22m[39m[31m[1m^[22m[39m[31m[1m^[22m[39m[31m[1m^[22m[39m[31m[1m^[22m[39m[31m[1m^[22m[39m[31m[1m^[22m[39m[31m[1m^[22m[39m[31m[1m^[22m[39m[31m[1m^[22m[39m[31m[1m^[22m[39m[31m[1m^[22m[39m[31m[1m^[22m[39m[31m[1m^[22m[39m[31m[1m^[22m[39m[31m[1m^[22m[39m[31m[1m^[22m[39m[31m[1m^[22m[39m[31m[1m^[22m[39m[31m[1m^[22m[39m[31m[1m^[22m[39m[31m[1m^[22m[39m[31m[1m^[22m[39m[31m[1m^[22m[39m[31m[1m^[22m[39m[31m[1m^[22m[39m[31m[1m^[22m[39m[31m[1m^[22m[39m[31m[1m^[22m[39m[31m[1m^[22m[39m[31m[1m^[22m[39m
 [90m 6 |[39m [36mimport[39m { [33mPagination[39m[33m,[39m [33mPaginationContent[39m[33m,[39m [33mPaginationItem[39m[33m,[39m [33mPaginationPrevious[39m[33m,[39m [33mPaginationLink[39m[33m,[39m [33mPaginationNext[39m } [36mfrom[39m [32m'@/components/ui/pagination'[39m[33m;[39m
 [90m 7 |[39m [36mimport[39m { [33mCard[39m[33m,[39m [33mCardContent[39m } [36mfrom[39m [32m'@/components/ui/card'[39m[33m;[39m
 [90m 8 |[39m [36mimport[39m { [33mPost[39m } [36mfrom[39m [32m'@/lib/posts'[39m[33m;[39m [90m// Assuming Post type is exported from lib/posts[39m[0m

Import map: aliased to relative './components/blog/blog-toolbar' inside of [project]/


Import trace:
  Server Component:
    ./components/blog/blog-client-page.tsx
    ./app/blog/page.tsx

https://nextjs.org/docs/messages/module-not-found


✓ Compiled in 130ms
  Reload env: .env.local
